INFO [2016-02-23 22:49:08] Start analysis
INFO [2016-02-23 22:49:08] Processing model: newmodel-rf-0.7-1000-boot-100
INFO [2016-02-23 22:49:08] Read datasets
INFO [2016-02-23 22:49:09]   training has 687 rows
INFO [2016-02-23 22:49:09]   testing has 292 rows
INFO [2016-02-23 22:49:09] Start training newmodel-rf-0.7-1000-boot-100
INFO [2016-02-23 22:50:59] Finished training newmodel-rf-0.7-1000-boot-100
INFO [2016-02-23 22:50:59] Training results:
Confusion Matrix and Statistics

          Reference
Prediction   A   B   C   D   E
         A 203   0   0   0   0
         B   0 127   0   0   0
         C   0   0 111   0   0
         D   0   0   0 115   0
         E   0   0   0   0 131

Overall Statistics
                                     
               Accuracy : 1          
                 95% CI : (0.9946, 1)
    No Information Rate : 0.2955     
    P-Value [Acc > NIR] : < 2.2e-16  
                                     
                  Kappa : 1          
 Mcnemar's Test P-Value : NA         

Statistics by Class:

                     Class: A Class: B Class: C Class: D Class: E
Sensitivity            1.0000   1.0000   1.0000   1.0000   1.0000
Specificity            1.0000   1.0000   1.0000   1.0000   1.0000
Pos Pred Value         1.0000   1.0000   1.0000   1.0000   1.0000
Neg Pred Value         1.0000   1.0000   1.0000   1.0000   1.0000
Prevalence             0.2955   0.1849   0.1616   0.1674   0.1907
Detection Rate         0.2955   0.1849   0.1616   0.1674   0.1907
Detection Prevalence   0.2955   0.1849   0.1616   0.1674   0.1907
Balanced Accuracy      1.0000   1.0000   1.0000   1.0000   1.0000

INFO [2016-02-23 22:50:59] Testing results:
Confusion Matrix and Statistics

          Reference
Prediction  A  B  C  D  E
         A 79  3  0  4  0
         B  4 46  4  0  0
         C  1  8 33  4  1
         D  3  0  1 45  0
         E  1  5  3  3 44

Overall Statistics
                                          
               Accuracy : 0.8459          
                 95% CI : (0.7993, 0.8853)
    No Information Rate : 0.3014          
    P-Value [Acc > NIR] : < 2.2e-16       
                                          
                  Kappa : 0.8043          
 Mcnemar's Test P-Value : NA              

Statistics by Class:

                     Class: A Class: B Class: C Class: D Class: E
Sensitivity            0.8977   0.7419   0.8049   0.8036   0.9778
Specificity            0.9657   0.9652   0.9442   0.9831   0.9514
Pos Pred Value         0.9186   0.8519   0.7021   0.9184   0.7857
Neg Pred Value         0.9563   0.9328   0.9673   0.9547   0.9958
Prevalence             0.3014   0.2123   0.1404   0.1918   0.1541
Detection Rate         0.2705   0.1575   0.1130   0.1541   0.1507
Detection Prevalence   0.2945   0.1849   0.1610   0.1678   0.1918
Balanced Accuracy      0.9317   0.8536   0.8746   0.8933   0.9646

INFO [2016-02-23 22:50:59] Model obtained:
Random Forest 

687 samples
 51 predictor
  5 classes: 'A', 'B', 'C', 'D', 'E' 

No pre-processing
Resampling: Bootstrapped (100 reps) 
Summary of sample sizes: 687, 687, 687, 687, 687, 687, ... 
Resampling results across tuning parameters:

  mtry  Accuracy   Kappa      Accuracy SD  Kappa SD  
   2    0.8233317  0.7748644  0.02812154   0.03553106
  27    0.8331686  0.7880483  0.02703669   0.03414483
  52    0.8226246  0.7747831  0.02673763   0.03365793

Accuracy was used to select the optimal model using  the largest value.
The final value used for the model was mtry = 27. 

INFO [2016-02-23 22:50:59] Saving model newmodel-rf-0.7-1000-boot-100

INFO [2016-02-23 22:51:00] Training accuracy = 1
INFO [2016-02-23 22:51:00] Testing  accuracy = 0.845890410958904

INFO [2016-02-23 22:51:00] End analysis
   user  system elapsed 
415.248   7.023 111.864 
