INFO [2016-02-23 22:23:24] Start analysis
INFO [2016-02-23 22:23:24] Processing model: newmodel-rf-0.7-1000
INFO [2016-02-23 22:23:24] Read datasets
INFO [2016-02-23 22:23:26]   training has 687 rows
INFO [2016-02-23 22:23:26]   testing has 292 rows
INFO [2016-02-23 22:23:26] Start training newmodel-rf-0.7-1000
INFO [2016-02-23 22:23:54] Finished training newmodel-rf-0.7-1000
INFO [2016-02-23 22:23:54] Training results:
Confusion Matrix and Statistics

          Reference
Prediction   A   B   C   D   E
         A 203   0   0   0   0
         B   0 127   0   0   0
         C   0   0 111   0   0
         D   0   0   0 115   0
         E   0   0   0   0 131

Overall Statistics
                                     
               Accuracy : 1          
                 95% CI : (0.9946, 1)
    No Information Rate : 0.2955     
    P-Value [Acc > NIR] : < 2.2e-16  
                                     
                  Kappa : 1          
 Mcnemar's Test P-Value : NA         

Statistics by Class:

                     Class: A Class: B Class: C Class: D Class: E
Sensitivity            1.0000   1.0000   1.0000   1.0000   1.0000
Specificity            1.0000   1.0000   1.0000   1.0000   1.0000
Pos Pred Value         1.0000   1.0000   1.0000   1.0000   1.0000
Neg Pred Value         1.0000   1.0000   1.0000   1.0000   1.0000
Prevalence             0.2955   0.1849   0.1616   0.1674   0.1907
Detection Rate         0.2955   0.1849   0.1616   0.1674   0.1907
Detection Prevalence   0.2955   0.1849   0.1616   0.1674   0.1907
Balanced Accuracy      1.0000   1.0000   1.0000   1.0000   1.0000

INFO [2016-02-23 22:23:54] Testing results:
Confusion Matrix and Statistics

          Reference
Prediction  A  B  C  D  E
         A 79  3  0  4  0
         B  4 44  6  0  0
         C  1  9 33  3  1
         D  3  0  2 44  0
         E  1  5  3  3 44

Overall Statistics
                                         
               Accuracy : 0.8356         
                 95% CI : (0.788, 0.8762)
    No Information Rate : 0.3014         
    P-Value [Acc > NIR] : < 2.2e-16      
                                         
                  Kappa : 0.7913         
 Mcnemar's Test P-Value : NA             

Statistics by Class:

                     Class: A Class: B Class: C Class: D Class: E
Sensitivity            0.8977   0.7213   0.7500   0.8148   0.9778
Specificity            0.9657   0.9567   0.9435   0.9790   0.9514
Pos Pred Value         0.9186   0.8148   0.7021   0.8980   0.7857
Neg Pred Value         0.9563   0.9286   0.9551   0.9588   0.9958
Prevalence             0.3014   0.2089   0.1507   0.1849   0.1541
Detection Rate         0.2705   0.1507   0.1130   0.1507   0.1507
Detection Prevalence   0.2945   0.1849   0.1610   0.1678   0.1918
Balanced Accuracy      0.9317   0.8390   0.8468   0.8969   0.9646

INFO [2016-02-23 22:23:54] Model obtained:
Random Forest 

687 samples
 51 predictor
  5 classes: 'A', 'B', 'C', 'D', 'E' 

No pre-processing
Resampling: Bootstrapped (25 reps) 
Summary of sample sizes: 687, 687, 687, 687, 687, 687, ... 
Resampling results across tuning parameters:

  mtry  Accuracy   Kappa      Accuracy SD  Kappa SD  
   2    0.8240905  0.7757372  0.02217956   0.02768592
  27    0.8304678  0.7846410  0.02504347   0.03186293
  52    0.8215712  0.7736114  0.02414563   0.03038580

Accuracy was used to select the optimal model using  the largest value.
The final value used for the model was mtry = 27. 

INFO [2016-02-23 22:23:54] Saving model newmodel-rf-0.7-1000

INFO [2016-02-23 22:23:54] Training accuracy = 1
INFO [2016-02-23 22:23:54] Testing  accuracy = 0.835616438356164

INFO [2016-02-23 22:23:54] End analysis
   user  system elapsed 
106.701   2.022  29.770 
