INFO [2016-02-22 23:29:57] Start analysis
INFO [2016-02-22 23:29:57] Processing model: newmodel-rf-0.7
INFO [2016-02-22 23:29:57] Read datasets
INFO [2016-02-22 23:29:59]   training has 13453 rows
INFO [2016-02-22 23:29:59]   testing has 5763 rows
INFO [2016-02-22 23:29:59] Start training newmodel-rf-0.7
INFO [2016-02-22 23:48:15] Finished training newmodel-rf-0.7
INFO [2016-02-22 23:48:15] Training results:
Confusion Matrix and Statistics

          Reference
Prediction    A    B    C    D    E
         A 3830    0    0    0    0
         B    0 2603    0    0    0
         C    0    0 2347    0    0
         D    0    0    0 2203    0
         E    0    0    0    0 2470

Overall Statistics
                                     
               Accuracy : 1          
                 95% CI : (0.9997, 1)
    No Information Rate : 0.2847     
    P-Value [Acc > NIR] : < 2.2e-16  
                                     
                  Kappa : 1          
 Mcnemar's Test P-Value : NA         

Statistics by Class:

                     Class: A Class: B Class: C Class: D Class: E
Sensitivity            1.0000   1.0000   1.0000   1.0000   1.0000
Specificity            1.0000   1.0000   1.0000   1.0000   1.0000
Pos Pred Value         1.0000   1.0000   1.0000   1.0000   1.0000
Neg Pred Value         1.0000   1.0000   1.0000   1.0000   1.0000
Prevalence             0.2847   0.1935   0.1745   0.1638   0.1836
Detection Rate         0.2847   0.1935   0.1745   0.1638   0.1836
Detection Prevalence   0.2847   0.1935   0.1745   0.1638   0.1836
Balanced Accuracy      1.0000   1.0000   1.0000   1.0000   1.0000

INFO [2016-02-22 23:48:16] Testing results:
Confusion Matrix and Statistics

          Reference
Prediction    A    B    C    D    E
         A 1641    0    0    0    0
         B    8 1105    1    1    0
         C    0    3 1000    2    0
         D    0    0   16  925    3
         E    0    0    3    1 1054

Overall Statistics
                                         
               Accuracy : 0.9934         
                 95% CI : (0.991, 0.9953)
    No Information Rate : 0.2861         
    P-Value [Acc > NIR] : < 2.2e-16      
                                         
                  Kappa : 0.9917         
 Mcnemar's Test P-Value : NA             

Statistics by Class:

                     Class: A Class: B Class: C Class: D Class: E
Sensitivity            0.9951   0.9973   0.9804   0.9957   0.9972
Specificity            1.0000   0.9979   0.9989   0.9961   0.9992
Pos Pred Value         1.0000   0.9910   0.9950   0.9799   0.9962
Neg Pred Value         0.9981   0.9994   0.9958   0.9992   0.9994
Prevalence             0.2861   0.1923   0.1770   0.1612   0.1834
Detection Rate         0.2847   0.1917   0.1735   0.1605   0.1829
Detection Prevalence   0.2847   0.1935   0.1744   0.1638   0.1836
Balanced Accuracy      0.9976   0.9976   0.9897   0.9959   0.9982

INFO [2016-02-22 23:48:17] Model obtained:
Random Forest 

13453 samples
   51 predictor
    5 classes: 'A', 'B', 'C', 'D', 'E' 

No pre-processing
Resampling: Bootstrapped (25 reps) 
Summary of sample sizes: 13453, 13453, 13453, 13453, 13453, 13453, ... 
Resampling results across tuning parameters:

  mtry  Accuracy   Kappa      Accuracy SD  Kappa SD   
   2    0.9881421  0.9849887  0.002158092  0.002731873
  27    0.9883201  0.9852153  0.001798718  0.002272035
  52    0.9767234  0.9705352  0.004547631  0.005746491

Accuracy was used to select the optimal model using  the largest value.
The final value used for the model was mtry = 27. 

INFO [2016-02-22 23:48:17] Saving model newmodel-rf-0.7

INFO [2016-02-2          ] Training accuracy = 1
INFO [2016-02-2          ] Testing  accuracy = 0.9934

INFO [2016-02-22 23:48:18] End analysis
    user   system  elapsed 
3813.365   21.962 1101.087 
