INFO [2016-02-23 22:25:36] Start analysis
INFO [2016-02-23 22:25:36] Processing model: newmodel-lda-0.7
INFO [2016-02-23 22:25:36] Read datasets
INFO [2016-02-23 22:25:38]   training has 13453 rows
INFO [2016-02-23 22:25:38]   testing has 5763 rows
INFO [2016-02-23 22:25:38] Start training newmodel-lda-0.7
INFO [2016-02-23 22:25:41] Finished training newmodel-lda-0.7
INFO [2016-02-23 22:25:41] Training results:
Confusion Matrix and Statistics

          Reference
Prediction    A    B    C    D    E
         A 3113   84  329  289   15
         B  379 1672  319  101  132
         C  212  217 1566  281   71
         D  128   83  248 1650   94
         E  101  405  245  228 1491

Overall Statistics
                                          
               Accuracy : 0.7056          
                 95% CI : (0.6978, 0.7133)
    No Information Rate : 0.2924          
    P-Value [Acc > NIR] : < 2.2e-16       
                                          
                  Kappa : 0.6276          
 Mcnemar's Test P-Value : < 2.2e-16       

Statistics by Class:

                     Class: A Class: B Class: C Class: D Class: E
Sensitivity            0.7915   0.6794   0.5785   0.6473   0.8270
Specificity            0.9247   0.9153   0.9273   0.9493   0.9160
Pos Pred Value         0.8128   0.6423   0.6672   0.7490   0.6036
Neg Pred Value         0.9148   0.9273   0.8973   0.9201   0.9716
Prevalence             0.2924   0.1829   0.2012   0.1895   0.1340
Detection Rate         0.2314   0.1243   0.1164   0.1226   0.1108
Detection Prevalence   0.2847   0.1935   0.1745   0.1638   0.1836
Balanced Accuracy      0.8581   0.7974   0.7529   0.7983   0.8715

INFO [2016-02-23 22:25:41] Testing results:
Confusion Matrix and Statistics

          Reference
Prediction    A    B    C    D    E
         A 1339   30  138  131    3
         B  178  701  137   44   55
         C   98  106  658  123   20
         D   51   32  136  688   37
         E   32  191   90   99  646

Overall Statistics
                                          
               Accuracy : 0.6996          
                 95% CI : (0.6876, 0.7115)
    No Information Rate : 0.2946          
    P-Value [Acc > NIR] : < 2.2e-16       
                                          
                  Kappa : 0.62            
 Mcnemar's Test P-Value : < 2.2e-16       

Statistics by Class:

                     Class: A Class: B Class: C Class: D Class: E
Sensitivity            0.7886   0.6613   0.5677   0.6341   0.8489
Specificity            0.9257   0.9120   0.9246   0.9453   0.9176
Pos Pred Value         0.8160   0.6287   0.6547   0.7288   0.6106
Neg Pred Value         0.9129   0.9228   0.8947   0.9176   0.9756
Prevalence             0.2946   0.1839   0.2011   0.1883   0.1320
Detection Rate         0.2323   0.1216   0.1142   0.1194   0.1121
Detection Prevalence   0.2847   0.1935   0.1744   0.1638   0.1836
Balanced Accuracy      0.8571   0.7866   0.7462   0.7897   0.8833

INFO [2016-02-23 22:25:41] Model obtained:
Linear Discriminant Analysis 

13453 samples
   51 predictor
    5 classes: 'A', 'B', 'C', 'D', 'E' 

No pre-processing
Resampling: Bootstrapped (25 reps) 
Summary of sample sizes: 13453, 13453, 13453, 13453, 13453, 13453, ... 
Resampling results

  Accuracy   Kappa      Accuracy SD  Kappa SD   
  0.7007557  0.6212952  0.005401089  0.006709165

 

INFO [2016-02-23 22:25:41] Saving model newmodel-lda-0.7

INFO [2016-02-23 22:25:43] Training accuracy = 0.705567531405634
INFO [2016-02-23 22:25:43] Testing  accuracy = 0.699635606454971

INFO [2016-02-23 22:25:43] End analysis
   user  system elapsed 
 12.748   1.808   6.670 
 